[debug] [2023-07-08T09:15:34.916Z] ----------------------------------------------------------------------
[debug] [2023-07-08T09:15:34.917Z] Command:       /Users/soli/.nvm/versions/node/v18.16.0/bin/node /Users/soli/.nvm/versions/node/v18.16.0/bin/firebase deploy
[debug] [2023-07-08T09:15:34.917Z] CLI Version:   11.30.0
[debug] [2023-07-08T09:15:34.917Z] Platform:      darwin
[debug] [2023-07-08T09:15:34.917Z] Node Version:  v18.16.0
[debug] [2023-07-08T09:15:34.918Z] Time:          Sat Jul 08 2023 11:15:34 GMT+0200 (Central European Summer Time)
[debug] [2023-07-08T09:15:34.918Z] ----------------------------------------------------------------------
[debug] 
[debug] [2023-07-08T09:15:34.953Z] > command requires scopes: ["email","openid","https://www.googleapis.com/auth/cloudplatformprojects.readonly","https://www.googleapis.com/auth/firebase","https://www.googleapis.com/auth/cloud-platform"]
[debug] [2023-07-08T09:15:34.953Z] > authorizing via signed-in user (asoliman96@gmail.com)
[debug] [2023-07-08T09:15:34.953Z] [iam] checking project personal-website-e63ac for permissions ["firebase.projects.get","firebasehosting.sites.update"]
[debug] [2023-07-08T09:15:34.954Z] > refreshing access token with scopes: []
[debug] [2023-07-08T09:15:34.955Z] >>> [apiv2][query] POST https://www.googleapis.com/oauth2/v3/token [none]
[debug] [2023-07-08T09:15:34.955Z] >>> [apiv2][body] POST https://www.googleapis.com/oauth2/v3/token [omitted]
[debug] [2023-07-08T09:15:35.151Z] <<< [apiv2][status] POST https://www.googleapis.com/oauth2/v3/token 200
[debug] [2023-07-08T09:15:35.152Z] <<< [apiv2][body] POST https://www.googleapis.com/oauth2/v3/token [omitted]
[debug] [2023-07-08T09:15:35.159Z] >>> [apiv2][query] POST https://cloudresourcemanager.googleapis.com/v1/projects/personal-website-e63ac:testIamPermissions [none]
[debug] [2023-07-08T09:15:35.160Z] >>> [apiv2][(partial)header] POST https://cloudresourcemanager.googleapis.com/v1/projects/personal-website-e63ac:testIamPermissions x-goog-quota-user=projects/personal-website-e63ac
[debug] [2023-07-08T09:15:35.160Z] >>> [apiv2][body] POST https://cloudresourcemanager.googleapis.com/v1/projects/personal-website-e63ac:testIamPermissions {"permissions":["firebase.projects.get","firebasehosting.sites.update"]}
[debug] [2023-07-08T09:15:35.913Z] <<< [apiv2][status] POST https://cloudresourcemanager.googleapis.com/v1/projects/personal-website-e63ac:testIamPermissions 200
[debug] [2023-07-08T09:15:35.913Z] <<< [apiv2][body] POST https://cloudresourcemanager.googleapis.com/v1/projects/personal-website-e63ac:testIamPermissions {"permissions":["firebase.projects.get","firebasehosting.sites.update"]}
[debug] [2023-07-08T09:15:35.914Z] >>> [apiv2][query] GET https://firebase.googleapis.com/v1beta1/projects/personal-website-e63ac [none]
[debug] [2023-07-08T09:15:36.197Z] <<< [apiv2][status] GET https://firebase.googleapis.com/v1beta1/projects/personal-website-e63ac 200
[debug] [2023-07-08T09:15:36.197Z] <<< [apiv2][body] GET https://firebase.googleapis.com/v1beta1/projects/personal-website-e63ac {"projectId":"personal-website-e63ac","projectNumber":"771751095859","displayName":"Soli's","name":"projects/personal-website-e63ac","resources":{"hostingSite":"personal-website-e63ac","storageBucket":"personal-website-e63ac.appspot.com","locationId":"europe-west"},"state":"ACTIVE","etag":"1_93619cfb-f7b6-446c-93b2-620590c8ec2c"}
[info] 
[info] === Deploying to 'personal-website-e63ac'...
[info] 
[info] i  deploying hosting 
[debug] [2023-07-08T09:15:36.202Z] >>> [apiv2][query] POST https://firebasehosting.googleapis.com/v1beta1/projects/-/sites/personal-website-e63ac/versions [none]
[debug] [2023-07-08T09:15:36.202Z] >>> [apiv2][body] POST https://firebasehosting.googleapis.com/v1beta1/projects/-/sites/personal-website-e63ac/versions {"status":"CREATED","labels":{"deployment-tool":"cli-firebase"}}
